
sourcing "nvim_exec2()"
finished sourcing nvim_exec2()
sourcing "/opt/homebrew/Cellar/neovim/0.11.2/share/nvim/runtime/ftplugin.vim"
finished sourcing /opt/homebrew/Cellar/neovim/0.11.2/share/nvim/runtime/ftplugin.vim
sourcing "/opt/homebrew/Cellar/neovim/0.11.2/share/nvim/runtime/indent.vim"
finished sourcing /opt/homebrew/Cellar/neovim/0.11.2/share/nvim/runtime/indent.vim
sourcing "/opt/homebrew/Cellar/neovim/0.11.2/share/nvim/runtime/filetype.lua"
line 0: sourcing "nvim_exec2() called at /opt/homebrew/Cellar/neovim/0.11.2/share/nvim/runtime/filetype.lua:0"
not found in runtime path: "ftdetect/*.{vim,lua}"
finished sourcing nvim_exec2() called at /opt/homebrew/Cellar/neovim/0.11.2/share/nvim/runtime/filetype.lua:0
continuing in /opt/homebrew/Cellar/neovim/0.11.2/share/nvim/runtime/filetype.lua
finished sourcing /opt/homebrew/Cellar/neovim/0.11.2/share/nvim/runtime/filetype.lua
sourcing "/opt/homebrew/Cellar/neovim/0.11.2/share/nvim/runtime/syntax/syntax.vim"
line 20: sourcing "/opt/homebrew/Cellar/neovim/0.11.2/share/nvim/runtime/syntax/synload.vim"
finished sourcing /opt/homebrew/Cellar/neovim/0.11.2/share/nvim/runtime/syntax/synload.vim
continuing in /opt/homebrew/Cellar/neovim/0.11.2/share/nvim/runtime/syntax/syntax.vim
finished sourcing /opt/homebrew/Cellar/neovim/0.11.2/share/nvim/runtime/syntax/syntax.vim
sourcing "/opt/homebrew/Cellar/neovim/0.11.2/share/nvim/runtime/plugin/gzip.vim"
finished sourcing /opt/homebrew/Cellar/neovim/0.11.2/share/nvim/runtime/plugin/gzip.vim
sourcing "/opt/homebrew/Cellar/neovim/0.11.2/share/nvim/runtime/plugin/matchit.vim"
not found in 'packpath': "pack/*/start/matchit"
line 3: sourcing "/opt/homebrew/Cellar/neovim/0.11.2/share/nvim/runtime/pack/dist/opt/matchit/plugin/matchit.vim"
finished sourcing /opt/homebrew/Cellar/neovim/0.11.2/share/nvim/runtime/pack/dist/opt/matchit/plugin/matchit.vim
continuing in /opt/homebrew/Cellar/neovim/0.11.2/share/nvim/runtime/plugin/matchit.vim
finished sourcing /opt/homebrew/Cellar/neovim/0.11.2/share/nvim/runtime/plugin/matchit.vim
sourcing "/opt/homebrew/Cellar/neovim/0.11.2/share/nvim/runtime/plugin/matchparen.vim"
finished sourcing /opt/homebrew/Cellar/neovim/0.11.2/share/nvim/runtime/plugin/matchparen.vim
sourcing "/opt/homebrew/Cellar/neovim/0.11.2/share/nvim/runtime/plugin/netrwPlugin.vim"
not found in 'packpath': "pack/*/start/netrw"
line 7: sourcing "/opt/homebrew/Cellar/neovim/0.11.2/share/nvim/runtime/pack/dist/opt/netrw/plugin/netrwPlugin.vim"
finished sourcing /opt/homebrew/Cellar/neovim/0.11.2/share/nvim/runtime/pack/dist/opt/netrw/plugin/netrwPlugin.vim
continuing in /opt/homebrew/Cellar/neovim/0.11.2/share/nvim/runtime/plugin/netrwPlugin.vim
finished sourcing /opt/homebrew/Cellar/neovim/0.11.2/share/nvim/runtime/plugin/netrwPlugin.vim
sourcing "/opt/homebrew/Cellar/neovim/0.11.2/share/nvim/runtime/plugin/rplugin.vim"
line 3: sourcing "/Users/haneul/.local/share/nvim/rplugin.vim"
finished sourcing /Users/haneul/.local/share/nvim/rplugin.vim
continuing in <SNR>13_LoadRemotePlugins
finished sourcing /opt/homebrew/Cellar/neovim/0.11.2/share/nvim/runtime/plugin/rplugin.vim
sourcing "/opt/homebrew/Cellar/neovim/0.11.2/share/nvim/runtime/plugin/shada.vim"
finished sourcing /opt/homebrew/Cellar/neovim/0.11.2/share/nvim/runtime/plugin/shada.vim
sourcing "/opt/homebrew/Cellar/neovim/0.11.2/share/nvim/runtime/plugin/spellfile.vim"
finished sourcing /opt/homebrew/Cellar/neovim/0.11.2/share/nvim/runtime/plugin/spellfile.vim
sourcing "/opt/homebrew/Cellar/neovim/0.11.2/share/nvim/runtime/plugin/tarPlugin.vim"
finished sourcing /opt/homebrew/Cellar/neovim/0.11.2/share/nvim/runtime/plugin/tarPlugin.vim
sourcing "/opt/homebrew/Cellar/neovim/0.11.2/share/nvim/runtime/plugin/tutor.vim"
finished sourcing /opt/homebrew/Cellar/neovim/0.11.2/share/nvim/runtime/plugin/tutor.vim
sourcing "/opt/homebrew/Cellar/neovim/0.11.2/share/nvim/runtime/plugin/zipPlugin.vim"
finished sourcing /opt/homebrew/Cellar/neovim/0.11.2/share/nvim/runtime/plugin/zipPlugin.vim
sourcing "/opt/homebrew/Cellar/neovim/0.11.2/share/nvim/runtime/plugin/editorconfig.lua"
finished sourcing /opt/homebrew/Cellar/neovim/0.11.2/share/nvim/runtime/plugin/editorconfig.lua
sourcing "/opt/homebrew/Cellar/neovim/0.11.2/share/nvim/runtime/plugin/man.lua"
finished sourcing /opt/homebrew/Cellar/neovim/0.11.2/share/nvim/runtime/plugin/man.lua
sourcing "/opt/homebrew/Cellar/neovim/0.11.2/share/nvim/runtime/plugin/osc52.lua"
finished sourcing /opt/homebrew/Cellar/neovim/0.11.2/share/nvim/runtime/plugin/osc52.lua
sourcing "/opt/homebrew/Cellar/neovim/0.11.2/share/nvim/runtime/plugin/tohtml.lua"
finished sourcing /opt/homebrew/Cellar/neovim/0.11.2/share/nvim/runtime/plugin/tohtml.lua
not found in 'packpath': "pack/*/start/*"
not found in 'packpath': "start/*"
not found in runtime path: "plugin/**/*"
Reading ShaDa file "/Users/haneul/.local/state/nvim/shada/main.shada" info marks oldfiles


--- Terminal info --- {{{
&term: screen-256color
Description: GNU Screen with 256 colors
Aliases: screen-256color
Boolean capabilities:
  auto_left_margin          bw         = false
  auto_right_margin         am         = true
  no_esc_ctlc               xsb        = false
  ceol_standout_glitch      xhp        = false
  eat_newline_glitch        xenl       = true
  erase_overstrike          eo         = false
  generic_type              gn         = false
  hard_copy                 hc         = false
  has_meta_key              km         = true
  has_status_line           hs         = false
  insert_null_glitch        in         = false
  memory_above              da         = false
  memory_below              db         = false
  move_insert_mode          mir        = true
  move_standout_mode        msgr       = true
  over_strike               os         = false
  status_line_esc_ok        eslok      = false
  dest_tabs_magic_smso      xt         = false
  tilde_glitch              hz         = false
  transparent_underline     ul         = false
  xon_xoff                  xon        = false
  needs_xon_xoff            nxon       = false
  prtr_silent               mc5i       = false
  hard_cursor               chts       = false
  non_rev_rmcup             nrrmc      = false
  no_pad_char               npc        = false
  non_dest_scroll_region    ndscr      = false
  can_change                ccc        = false
  back_color_erase          bce        = false
  hue_lightness_saturation  hls        = false
  col_addr_glitch           xhpa       = false
  cr_cancels_micro_mode     crxm       = false
  has_print_wheel           daisy      = false
  row_addr_glitch           xvpa       = false
  semi_auto_right_margin    sam        = false
  cpi_changes_res           cpix       = false
  lpi_changes_res           lpix       = false
  backspaces_with_bs        OTbs       = true
  crt_no_scrolling          OTns       = false
  no_correctly_working_cr   OTnc       = false
  gnu_has_meta_key          OTMT       = false
  linefeed_is_newline       OTNL       = false
  has_hardware_tabs         OTpt       = true
  return_does_clr_eol       OTxr       = false
Numeric capabilities:
  columns                   cols       = 80
  init_tabs                 it         = 8
  lines                     lines      = 24
  lines_of_memory           lm         = -1
  magic_cookie_glitch       xmc        = -1
  padding_baud_rate         pb         = -1
  virtual_terminal          vt         = -1
  width_status_line         wsl        = -1
  num_labels                nlab       = -1
  label_height              lh         = -1
  label_width               lw         = -1
  max_attributes            ma         = -1
  maximum_windows           wnum       = -1
  max_colors                colors     = 256
  max_pairs                 pairs      = 65536
  no_color_video            ncv        = -1
  buffer_capacity           bufsz      = -1
  dot_vert_spacing          spinv      = -1
  dot_horz_spacing          spinh      = -1
  max_micro_address         maddr      = -1
  max_micro_jump            mjump      = -1
  micro_col_size            mcs        = -1
  micro_line_size           mls        = -1
  number_of_pins            npins      = -1
  output_res_char           orc        = -1
  output_res_line           orl        = -1
  output_res_horz_inch      orhi       = -1
  output_res_vert_inch      orvi       = -1
  print_rate                cps        = -1
  wide_char_size            widcs      = -1
  buttons                   btns       = -1
  bit_image_entwining       bitwin     = -1
  bit_image_type            bitype     = -1
  magic_cookie_glitch_ul    OTug       = -1
  carriage_return_delay     OTdC       = -1
  new_line_delay            OTdN       = -1
  backspace_delay           OTdB       = -1
  horizontal_tab_delay      OTdT       = -1
  number_of_function_keys   OTkn       = -1
String capabilities:
  back_tab                  cbt        = ^[[Z
  bell                      bel        = ^G
  carriage_return           cr         = ^M
  change_scroll_region      csr        = ^[[%i%p1%d;%p2%dr
  clear_all_tabs            tbc        = ^[[3g
  clear_screen              clear      = ^[[H^[[J
  clr_eol                   el         = ^[[K
  clr_eos                   ed         = ^[[J
  column_address            hpa        = ^[[%i%p1%dG
  cursor_address            cup        = ^[[%i%p1%d;%p2%dH
  cursor_down               cud1       = ^@
  cursor_home               home       = ^[[H
  cursor_invisible          civis      = ^[[?25l
  cursor_left               cub1       = ^H
  cursor_normal             cnorm      = ^[[34h^[[?25h
  cursor_right              cuf1       = ^[[C
  cursor_up                 cuu1       = ^[M
  cursor_visible            cvvis      = ^[[34l
  delete_character          dch1       = ^[[P
  delete_line               dl1        = ^[[M
  enter_alt_charset_mode    smacs      = ^N
  enter_blink_mode          blink      = ^[[5m
  enter_bold_mode           bold       = ^[[1m
  enter_ca_mode             smcup      = ^[[?1049h
  enter_dim_mode            dim        = ^[[2m
  enter_insert_mode         smir       = ^[[4h
  enter_reverse_mode        rev        = ^[[7m
  enter_standout_mode       smso       = ^[[3m
  enter_underline_mode      smul       = ^[[4m
  exit_alt_charset_mode     rmacs      = ^O
  exit_attribute_mode       sgr0       = ^[[m^O
  exit_ca_mode              rmcup      = ^[[?1049l
  exit_insert_mode          rmir       = ^[[4l
  exit_standout_mode        rmso       = ^[[23m
  exit_underline_mode       rmul       = ^[[24m
  flash_screen              flash      = ^[g
  from_status_line          fsl        = ^[\
  init_2string              is2        = ^[)0
  insert_line               il1        = ^[[L
  key_backspace             kbs        = ^?
  key_dc                    kdch1      = ^[[3~
  key_down                  kcud1      = ^[OB
  key_f1                    kf1        = ^[OP
  key_f10                   kf10       = ^[[21~
  key_f2                    kf2        = ^[OQ
  key_f3                    kf3        = ^[OR
  key_f4                    kf4        = ^[OS
  key_f5                    kf5        = ^[[15~
  key_f6                    kf6        = ^[[17~
  key_f7                    kf7        = ^[[18~
  key_f8                    kf8        = ^[[19~
  key_f9                    kf9        = ^[[20~
  key_home                  khome      = ^[[1~
  key_ic                    kich1      = ^[[2~
  key_left                  kcub1      = ^[OD
  key_npage                 knp        = ^[[6~
  key_ppage                 kpp        = ^[[5~
  key_right                 kcuf1      = ^[OC
  key_up                    kcuu1      = ^[OA
  keypad_local              rmkx       = ^[[?1l^[>
  keypad_xmit               smkx       = ^[[?1h^[=
  newline                   nel        = ^[E
  parm_dch                  dch        = ^[[%p1%dP
  parm_delete_line          dl         = ^[[%p1%dM
  parm_down_cursor          cud        = ^[[%p1%dB
  parm_ich                  ich        = ^[[%p1%d@
  parm_index                indn       = ^[[%p1%dS
  parm_insert_line          il         = ^[[%p1%dL
  parm_left_cursor          cub        = ^[[%p1%dD
  parm_right_cursor         cuf        = ^[[%p1%dC
  parm_rindex               rin        = ^[[%p1%dT
  parm_up_cursor            cuu        = ^[[%p1%dA
  reset_2string             rs2        = ^[c^[[?1000l^[[?25h
  restore_cursor            rc         = ^[8
  row_address               vpa        = ^[[%i%p1%dd
  save_cursor               sc         = ^[7
  scroll_forward            ind        = ^@
  scroll_reverse            ri         = ^[M
  set_attributes            sgr        = ^[[0%?%p6%t;1%;%?%p1%t;3%;%?%p2%t;4%;%?%p3%t;7%;%?%p4%t;5%;%?%p5%t;2%;m%?%p9%t^N%e^O%;
  set_tab                   hts        = ^[H
  tab                       ht         = 	
  to_status_line            tsl        = ^[_
  acs_chars                 acsc       = ++,,--..00``aaffgghhiijjkkllmmnnooppqqrrssttuuvvwwxxyyzz{{||}}~~
  key_btab                  kcbt       = ^[[Z
  ena_acs                   enacs      = ^[(B^[)0
  key_end                   kend       = ^[[4~
  key_f11                   kf11       = ^[[23~
  key_f12                   kf12       = ^[[24~
  clr_bol                   el1        = ^[[1K
  user6                     u6         = ^[[%i%d;%dR
  user7                     u7         = ^[[6n
  user8                     u8         = ^[[?1;2c
  user9                     u9         = ^[[c
  orig_pair                 op         = ^[[39;49m
  key_mouse                 kmous      = ^[[M
  set_a_foreground          setaf      = ^[[%?%p1%{8}%<%t3%p1%d%e%p1%{16}%<%t9%p1%{8}%-%d%e38;5;%p1%d%;m
  set_a_background          setab      = ^[[%?%p1%{8}%<%t4%p1%d%e%p1%{16}%<%t10%p1%{8}%-%d%e48;5;%p1%d%;m
Extended boolean capabilities:
  AX                        = true
  G0                        = true
Extended numeric capabilities:
  U8                        = 1
Extended string capabilities:
  E0                        = ^[(B
  S0                        = ^[(%p1%c
  Ss                        = ^[[%p1%d q
  Se                        = ^[[ q
  ext.enter_altfont_mode    = ^[[11m
  setrgbf                   = ^[[38;2;%p1%d;%p2%d;%p3%dm
  setrgbb                   = ^[[48;2;%p1%d;%p2%d;%p3%dm
  ext.set_cursor_color      = ^[]12;%p1%s^G
  ext.reset_cursor_color    = ^[]112^G
  ext.save_title            = ^[[22;0t
  ext.restore_title         = ^[[23;0t
  ext.set_title             = ^[_%p2%s^[\
  ext.enable_lr_margin      = ^[[?69h
  ext.disable_lr_margin     = ^[[?69l
  ext.enable_bpaste         = ^[[?2004h
  ext.disable_bpaste        = ^[[?2004l
  ext.enable_focus          = ^[[?1004h
  ext.disable_focus         = ^[[?1004l
  ext.enable_mouse          = ^[[?1002h^[[?1006h
  ext.disable_mouse         = ^[[?1002l^[[?1006l
  ext.enable_mouse_move     = ^[[?1003h
  ext.disable_mouse_move    = ^[[?1003l
}}}


sourcing "/opt/homebrew/Cellar/neovim/0.11.2/share/nvim/runtime/pack/dist/opt/netrw/autoload/netrw.vim"
finished sourcing /opt/homebrew/Cellar/neovim/0.11.2/share/nvim/runtime/pack/dist/opt/netrw/autoload/netrw.vim
line 22: sourcing "/Users/haneul/.local/share/nvim/.netrwhist"
finished sourcing /Users/haneul/.local/share/nvim/.netrwhist
continuing in <SNR>25_NetrwBookHistRead
not found in runtime path: "scripts.vim"
not found in runtime path: "ftplugin/netrw[.]{vim,lua} ftplugin/netrw_*.{vim,lua} ftplugin/netrw/*.{vim,lua}"
not found in runtime path: "indent/netrw[.]{vim,lua}"
netrwGray      xxx cleared
not found in runtime path: "ftplugin/netrw[.]{vim,lua} ftplugin/netrw_*.{vim,lua} ftplugin/netrw/*.{vim,lua}"
not found in runtime path: "indent/netrw[.]{vim,lua}"
netrwGray      xxx links to Folded
Pattern not found: ^$
Pattern not found: ^\d\{3}ÿ\d\{3}\/
Pattern not found: \<core\%(\.\d\+\)\=\>
Pattern not found: ^\d\{3}ÿ\d\{3}\/
Pattern not found: \.h$
Pattern not found: ^\d\{3}ÿ\d\{3}\/
Pattern not found: \.c$
Pattern not found: ^\d\{3}ÿ\d\{3}\/
Pattern not found: \.cpp$
Pattern not found: ^\d\{3}ÿ\d\{3}\/
Pattern not found: \~\=\*$
Pattern not found: ^\d\{3}ÿ\d\{3}\/
Pattern not found: \.o$
Pattern not found: ^\d\{3}ÿ\d\{3}\/
Pattern not found: \.obj$
Pattern not found: ^\d\{3}ÿ\d\{3}\/
Pattern not found: \.info$
Pattern not found: ^\d\{3}ÿ\d\{3}\/
Pattern not found: \.swp$
Pattern not found: ^\d\{3}ÿ\d\{3}\/
Pattern not found: \.bak$
Pattern not found: ^\d\{3}ÿ\d\{3}\/
Pattern not found: \~$
Pattern not found: ^\d\{3}ÿ\d\{3}\/
Error detected while processing function netrw#Explore[167]..netrw#LocalBrowseCheck[27]..<SNR>25_NetrwBrowse[206]..<SNR>25_PerformListing[239]..<SNR>25_NetrwWideListing:
line   82:
E31: No such mapping
Error detected while processing function netrw#Explore[167]..netrw#LocalBrowseCheck[27]..<SNR>25_NetrwBrowse[206]..<SNR>25_PerformListing[239]..<SNR>25_NetrwWideListing:
line   85:
E31: No such mapping
Pattern not found: @$
not found in runtime path: "ftplugin/netrw[.]{vim,lua} ftplugin/netrw_*.{vim,lua} ftplugin/netrw/*.{vim,lua}"
not found in runtime path: "indent/netrw[.]{vim,lua}"
netrwGray      xxx links to Folded

Writing ShaDa file "/Users/haneul/.local/state/nvim/shada/main.shada"
not found in runtime path: "ftplugin/netrw[.]{vim,lua} ftplugin/netrw_*.{vim,lua} ftplugin/netrw/*.{vim,lua}"
not found in runtime path: "indent/netrw[.]{vim,lua}"
netrwGray      xxx links to Folded
"~/.local/share/nvim/.netrwhist" 12L, 855B written